[
    {
        "opcode": "BEGIN",
        "term": [
            1,
            "BEGIN",
            null
        ]
    },
    {
        "opcode": "PUSH",
        "arg": 0,
        "term": [
            2,
            "PUSH",
            0
        ]
    },
    {
        "opcode": "READ_DIR",
        "term": [
            3,
            "READ",
            null
        ]
    },
    {
        "opcode": "PUSH",
        "arg": 1,
        "term": [
            4,
            "PUSH",
            1
        ]
    },
    {
        "opcode": "WRITE_DIR",
        "term": [
            5,
            "WR",
            null
        ]
    },
    {
        "opcode": "PUSH",
        "arg": "-1",
        "term": [
            6,
            "PUSH",
            "-1"
        ]
    },
    {
        "opcode": "JNT",
        "arg": 8,
        "term": [
            7,
            "WHILE",
            null
        ]
    },
    {
        "opcode": "JMP",
        "arg": 1,
        "term": [
            8,
            "REPEAT",
            null
        ]
    },
    {
        "opcode": "HALT",
        "term": [
            9,
            "HALT",
            null
        ]
    }
]