[
    {
        "opcode": "PUSH",
        "arg": "0",
        "term": [
            1,
            "PUSH",
            "0"
        ]
    },
    {
        "opcode": "PUSH",
        "arg": "-1",
        "term": [
            2,
            "PUSH",
            "-1"
        ]
    },
    {
        "opcode": "PUSH",
        "arg": "-1",
        "term": [
            3,
            "PUSH",
            "-1"
        ]
    },
    {
        "opcode": "PUSH",
        "arg": "-1",
        "term": [
            4,
            "PUSH",
            "-1"
        ]
    },
    {
        "opcode": "PUSH",
        "arg": "-1",
        "term": [
            5,
            "PUSH",
            "-1"
        ]
    },
    {
        "opcode": "PUSH",
        "arg": "-1",
        "term": [
            6,
            "PUSH",
            "-1"
        ]
    },
    {
        "opcode": "BEGIN",
        "term": [
            7,
            "BEGIN",
            null
        ]
    },
    {
        "opcode": "JNT",
        "arg": 13,
        "term": [
            8,
            "WHILE",
            null
        ]
    },
    {
        "opcode": "PUSH",
        "arg": 0,
        "term": [
            9,
            "PUSH",
            0
        ]
    },
    {
        "opcode": "READ_DIR",
        "term": [
            10,
            "READ",
            null
        ]
    },
    {
        "opcode": "PUSH",
        "arg": 1,
        "term": [
            11,
            "PUSH",
            1
        ]
    },
    {
        "opcode": "WRITE_DIR",
        "term": [
            12,
            "WR",
            null
        ]
    },
    {
        "opcode": "JMP",
        "arg": 7,
        "term": [
            13,
            "REPEAT",
            null
        ]
    },
    {
        "opcode": "HALT",
        "term": [
            14,
            "HALT",
            null
        ]
    }
]